Arguments: 
  /usr/local/bin/node /Users/ksdev/.yarn/bin/yarn.js

PATH: 
  /Users/ksdev/.yarn/bin:/usr/bin:/bin:/usr/sbin:/sbin:/usr/local/bin:/opt/X11/bin:/usr/local/CrossPack-AVR/bin

Yarn version: 
  1.1.0

Node version: 
  8.4.0

Platform: 
  darwin x64

npm manifest: 
  {
      "title": "Creative",
      "name": "startbootstrap-creative",
      "version": "4.0.0",
      "description": "Creative is a stylish one page HTML theme for Bootstrap.",
      "keywords": [
          "css",
          "sass",
          "html",
          "responsive",
          "theme",
          "template"
      ],
      "homepage": "https://startbootstrap.com/template-overviews/creative",
      "bugs": {
          "url": "https://github.com/BlackrockDigital/startbootstrap-creative/issues",
          "email": "feedback@startbootstrap.com"
      },
      "license": "MIT",
      "author": "Start Bootstrap",
      "contributors": [
          "David Miller (http://davidmiller.io/)"
      ],
      "repository": {
          "type": "git",
          "url": "https://github.com/BlackrockDigital/startbootstrap-creative.git"
      },
      "dependencies": {
          "bootstrap": "4.0.0",
          "font-awesome": "4.7.0",
          "jquery": "3.3.1",
          "jquery.easing": "^1.4.1",
          "magnific-popup": "^1.1.0",
          "scrollreveal": "3.3.6"
      },
      "devDependencies": {
          "browser-sync": "2.23.6",
          "gulp": "^3.9.1",
          "gulp-clean-css": "3.9.2",
          "gulp-header": "2.0.1",
          "gulp-rename": "^1.2.2",
          "gulp-sass": "^3.1.0",
          "gulp-uglify": "3.0.0"
      }
  }

yarn manifest: 
  No manifest

Lockfile: 
  # THIS IS AN AUTOGENERATED FILE. DO NOT EDIT THIS FILE DIRECTLY.
  # yarn lockfile v1
  
  
  bootstrap@4.0.0:
    version "4.0.0"
    resolved "https://registry.yarnpkg.com/bootstrap/-/bootstrap-4.0.0.tgz#ceb03842c145fcc1b9b4e15da2a05656ba68469a"
  
  font-awesome@4.7.0:
    version "4.7.0"
    resolved "https://registry.yarnpkg.com/font-awesome/-/font-awesome-4.7.0.tgz#8fa8cf0411a1a31afd07b06d2902bb9fc815a133"
  
  jquery.easing@^1.4.1:
    version "1.4.1"
    resolved "https://registry.yarnpkg.com/jquery.easing/-/jquery.easing-1.4.1.tgz#47982c5836bd758fd48494923c4a101ef6e93e3b"
  
  jquery@3.3.1:
    version "3.3.1"
    resolved "https://registry.yarnpkg.com/jquery/-/jquery-3.3.1.tgz#958ce29e81c9790f31be7792df5d4d95fc57fbca"
  
  magnific-popup@^1.1.0:
    version "1.1.0"
    resolved "https://registry.yarnpkg.com/magnific-popup/-/magnific-popup-1.1.0.tgz#3e7362c5bd18f6785fe99e59d013e20af33d3049"
  
  scrollreveal@3.3.6:
    version "3.3.6"
    resolved "https://registry.yarnpkg.com/scrollreveal/-/scrollreveal-3.3.6.tgz#659b7bf0ba0e244dced978ac5540c00b43773e4a"
  
  startbootstrap-creative@^4.0.0:
    version "4.0.0"
    resolved "https://registry.yarnpkg.com/startbootstrap-creative/-/startbootstrap-creative-4.0.0.tgz#5cc8706b5adb4794fff5ef3f8e80a3f9718fdcfb"
    dependencies:
      bootstrap "4.0.0"
      font-awesome "4.7.0"
      jquery "3.3.1"
      jquery.easing "^1.4.1"
      magnific-popup "^1.1.0"
      scrollreveal "3.3.6"

Trace: 
  Error: EACCES: permission denied, mkdir '/Users/ksdev/myorcprojects/expressclean/node_modules/base/node_modules'
